<?xml version="1.0" encoding="UTF-8"?>
<testsuite xmlns:xsi="http://www.w3.org/2001/XMLSchema-instance" xsi:noNamespaceSchemaLocation="https://maven.apache.org/surefire/maven-surefire-plugin/xsd/surefire-test-report-3.0.xsd" version="3.0" name="com.mycompany.quickchatapp1.MessageTest" time="0.18" tests="10" errors="0" skipped="0" failures="0">
  <properties>
[...]
</properties>
  <testcase name="testCheckMessageID" classname="com.mycompany.quickchatapp1.MessageTest" time="0.037"/>
  <testcase name="testCheckRecipientCell" classname="com.mycompany.quickchatapp1.MessageTest" time="0.002"/>
  <testcase name="testGetMessageID" classname="com.mycompany.quickchatapp1.MessageTest" time="0.003"/>
  <testcase name="testMessageLengthInvalid" classname="com.mycompany.quickchatapp1.MessageTest" time="0.004"/>
  <testcase name="testSendMessageDiscard" classname="com.mycompany.quickchatapp1.MessageTest" time="0.002"/>
  <testcase name="testMessageLengthValid" classname="com.mycompany.quickchatapp1.MessageTest" time="0.001"/>
  <testcase name="testSendMessageSuccess" classname="com.mycompany.quickchatapp1.MessageTest" time="0.002"/>
  <testcase name="testGetMessage" classname="com.mycompany.quickchatapp1.MessageTest" time="0.001"/>
  <testcase name="testCreateMessageHash" classname="com.mycompany.quickchatapp1.MessageTest" time="0.004"/>
  <testcase name="testSendMessageStore" classname="com.mycompany.quickchatapp1.MessageTest" time="0.074">
    <system-out><![CDATA[Message stored in JSON successfully.
]]></system-out>
  </testcase>
</testsuite>